g:\vsdata\keyboard\x64\release\mainwin.obj
g:\vsdata\keyboard\x64\release\yolov8_dnn.obj
g:\vsdata\keyboard\x64\release\dahuacamera.obj
g:\vsdata\keyboard\x64\release\main.obj
g:\vsdata\keyboard\x64\release\file.obj
g:\vsdata\keyboard\x64\release\keyboard.obj
g:\vsdata\keyboard\x64\release\moc_file.obj
g:\vsdata\keyboard\x64\release\moc_keyboard.obj
g:\vsdata\keyboard\x64\release\moc_dahuacamera.obj
g:\vsdata\keyboard\x64\release\moc_mainwin.obj
g:\vsdata\keyboard\x64\release\uic\ui_file.h
g:\vsdata\keyboard\x64\release\uic\ui_keyboard.h
g:\vsdata\keyboard\x64\release\uic\ui_mainwin.h
g:\vsdata\keyboard\x64\release\moc\moc_file.cpp
g:\vsdata\keyboard\x64\release\moc\moc_dahuacamera.cpp
g:\vsdata\keyboard\x64\release\moc\moc_keyboard.cpp
g:\vsdata\keyboard\x64\release\moc\moc_mainwin.cpp
g:\vsdata\keyboard\x64\release\keyboardgrab.ilk
g:\vsdata\keyboard\x64\release\keyboardgrab.exe
g:\vsdata\keyboard\x64\release\keyboardgrab.pdb
g:\vsdata\keyboard\x64\release\keyboardgrab.tlog\cl.13836.write.1.tlog
g:\vsdata\keyboard\x64\release\keyboardgrab.tlog\cl.command.1.tlog
g:\vsdata\keyboard\x64\release\keyboardgrab.tlog\cl.read.1.tlog
g:\vsdata\keyboard\x64\release\keyboardgrab.tlog\keyboardgrab.write.1u.tlog
g:\vsdata\keyboard\x64\release\keyboardgrab.tlog\link.command.1.tlog
g:\vsdata\keyboard\x64\release\keyboardgrab.tlog\link.read.1.tlog
g:\vsdata\keyboard\x64\release\keyboardgrab.tlog\link.write.1.tlog
g:\vsdata\keyboard\x64\release\keyboardgrab.tlog\moc.read.1u.tlog
g:\vsdata\keyboard\x64\release\keyboardgrab.tlog\moc.write.1u.tlog
g:\vsdata\keyboard\x64\release\keyboardgrab.tlog\uic.read.1u.tlog
g:\vsdata\keyboard\x64\release\keyboardgrab.tlog\uic.write.1u.tlog
